[13:53:03.782] Global cache location '/home/david/.cache/typescript/4.7', safe file path '/home/david/.emacs.d/.local/etc/lsp/npm/typescript/lib/node_modules/typescript/lib/typingSafeList.json', types map path /home/david/.emacs.d/.local/etc/lsp/npm/typescript/lib/node_modules/typescript/lib/typesMap.json
[13:53:03.782] Processing cache location '/home/david/.cache/typescript/4.7'
[13:53:03.782] Trying to find '/home/david/.cache/typescript/4.7/package.json'...
[13:53:03.782] Finished processing cache location '/home/david/.cache/typescript/4.7'
[13:53:03.783] Process id: 333261
[13:53:03.783] NPM location: /nix/store/i9x1ajwr756r2z9jnb2nhip50a3xms51-nodejs-16.15.0/bin/npm (explicit '--npmLocation' not  provided)
[13:53:03.783] validateDefaultNpmLocation: false
[13:53:03.783] Npm config file: /home/david/.cache/typescript/4.7/package.json
[13:53:03.783] Npm config file: '/home/david/.cache/typescript/4.7/package.json' is missing, creating new one...
[13:53:03.784] Updating types-registry npm package...
[13:53:03.784] Exec: /nix/store/i9x1ajwr756r2z9jnb2nhip50a3xms51-nodejs-16.15.0/bin/npm install --ignore-scripts types-registry@latest
[13:53:05.768]     Succeeded. stdout:
    
    added 1 package, and audited 2 packages in 2s

found 0 vulnerabilities

[13:53:05.769] Updated types-registry npm package
[13:53:05.795] Got install request {"projectName":"/dev/null/inferredProject1*","fileNames":["/home/david/.emacs.d/.local/etc/lsp/npm/typescript/lib/node_modules/typescript/lib/lib.es5.d.ts","/home/david/.emacs.d/.local/etc/lsp/npm/typescript/lib/node_modules/typescript/lib/lib.es2015.d.ts","/home/david/.emacs.d/.local/etc/lsp/npm/typescript/lib/node_modules/typescript/lib/lib.es2016.d.ts","/home/david/.emacs.d/.local/etc/lsp/npm/typescript/lib/node_modules/typescript/lib/lib.dom.d.ts","/home/david/.emacs.d/.local/etc/lsp/npm/typescript/lib/node_modules/typescript/lib/lib.dom.iterable.d.ts","/home/david/.emacs.d/.local/etc/lsp/npm/typescript/lib/node_modules/typescript/lib/lib.webworker.importscripts.d.ts","/home/david/.emacs.d/.local/etc/lsp/npm/typescript/lib/node_modules/typescript/lib/lib.scripthost.d.ts","/home/david/.emacs.d/.local/etc/lsp/npm/typescript/lib/node_modules/typescript/lib/lib.es2015.core.d.ts","/home/david/.emacs.d/.local/etc/lsp/npm/typescript/lib/node_modules/typescript/lib/lib.es2015.collection.d.ts","/home/david/.emacs.d/.local/etc/lsp/npm/typescript/lib/node_modules/typescript/lib/lib.es2015.generator.d.ts","/home/david/.emacs.d/.local/etc/lsp/npm/typescript/lib/node_modules/typescript/lib/lib.es2015.iterable.d.ts","/home/david/.emacs.d/.local/etc/lsp/npm/typescript/lib/node_modules/typescript/lib/lib.es2015.promise.d.ts","/home/david/.emacs.d/.local/etc/lsp/npm/typescript/lib/node_modules/typescript/lib/lib.es2015.proxy.d.ts","/home/david/.emacs.d/.local/etc/lsp/npm/typescript/lib/node_modules/typescript/lib/lib.es2015.reflect.d.ts","/home/david/.emacs.d/.local/etc/lsp/npm/typescript/lib/node_modules/typescript/lib/lib.es2015.symbol.d.ts","/home/david/.emacs.d/.local/etc/lsp/npm/typescript/lib/node_modules/typescript/lib/lib.es2015.symbol.wellknown.d.ts","/home/david/.emacs.d/.local/etc/lsp/npm/typescript/lib/node_modules/typescript/lib/lib.es2016.array.include.d.ts","/home/david/.emacs.d/.local/etc/lsp/npm/typescript/lib/node_modules/typescript/lib/lib.es2016.full.d.ts","/home/david/Documents/skill-tree/theme/theme.js"],"compilerOptions":{"module":1,"target":3,"jsx":1,"allowJs":true,"allowSyntheticDefaultImports":true,"allowNonTsExtensions":true,"noEmitForJsFiles":true,"maxNodeModuleJsDepth":2},"typeAcquisition":{"enable":true,"include":[],"exclude":[]},"unresolvedImports":[],"projectRootPath":"/home/david/Documents/skill-tree/theme","kind":"discover"}
[13:53:05.814] Loaded safelist from types map file '/home/david/.emacs.d/.local/etc/lsp/npm/typescript/lib/node_modules/typescript/lib/typesMap.json'
[13:53:05.815] Explicitly included types: []
[13:53:05.815] Inferred typings from unresolved imports: []
[13:53:05.815] Result: {"cachedTypingPaths":[],"newTypingNames":[],"filesToWatch":["/home/david/Documents/skill-tree/theme/bower_components","/home/david/Documents/skill-tree/theme/node_modules"]}
[13:53:05.815] Finished typings discovery: {"cachedTypingPaths":[],"newTypingNames":[],"filesToWatch":["/home/david/Documents/skill-tree/theme/bower_components","/home/david/Documents/skill-tree/theme/node_modules"]}
[13:53:05.816] DirectoryWatcher:: Added:: WatchInfo: /home/david/Documents/skill-tree/theme/bower_components
[13:53:05.816] DirectoryWatcher:: Added:: WatchInfo: /home/david/Documents/skill-tree/theme/bower_components 1 undefined Project: /dev/null/inferredProject1* watcher already invoked: false
[13:53:05.817] Elapsed:: 1.1449409984052181ms DirectoryWatcher:: Added:: WatchInfo: /home/david/Documents/skill-tree/theme/bower_components 1 undefined Project: /dev/null/inferredProject1* watcher already invoked: false
[13:53:05.817] DirectoryWatcher:: Added:: WatchInfo: /home/david/Documents/skill-tree/theme/node_modules
[13:53:05.817] DirectoryWatcher:: Added:: WatchInfo: /home/david/Documents/skill-tree/theme/node_modules 1 undefined Project: /dev/null/inferredProject1* watcher already invoked: false
[13:53:05.817] Elapsed:: 0.11809200048446655ms DirectoryWatcher:: Added:: WatchInfo: /home/david/Documents/skill-tree/theme/node_modules 1 undefined Project: /dev/null/inferredProject1* watcher already invoked: false
[13:53:05.818] Sending response:
    {"projectName":"/dev/null/inferredProject1*","typeAcquisition":{"enable":true,"include":[],"exclude":[]},"compilerOptions":{"module":1,"target":3,"jsx":1,"allowJs":true,"allowSyntheticDefaultImports":true,"allowNonTsExtensions":true,"noEmitForJsFiles":true,"maxNodeModuleJsDepth":2},"typings":[],"unresolvedImports":[],"kind":"action::set"}
[13:53:05.818] Response has been sent.
[13:53:05.818] No new typings were requested as a result of typings discovery
