[14:26:14.661] Global cache location '/home/david/.cache/typescript/4.7', safe file path '/home/david/.emacs.d/.local/etc/lsp/npm/typescript/lib/node_modules/typescript/lib/typingSafeList.json', types map path /home/david/.emacs.d/.local/etc/lsp/npm/typescript/lib/node_modules/typescript/lib/typesMap.json
[14:26:14.661] Processing cache location '/home/david/.cache/typescript/4.7'
[14:26:14.661] Trying to find '/home/david/.cache/typescript/4.7/package.json'...
[14:26:14.663] Loaded content of '/home/david/.cache/typescript/4.7/package.json': {"private":true,"dependencies":{"types-registry":"^0.1.599"}}
[14:26:14.663] Loaded content of '/home/david/.cache/typescript/4.7/package-lock.json'
[14:26:14.663] Finished processing cache location '/home/david/.cache/typescript/4.7'
[14:26:14.663] Process id: 653946
[14:26:14.663] NPM location: /nix/store/i9x1ajwr756r2z9jnb2nhip50a3xms51-nodejs-16.15.0/bin/npm (explicit '--npmLocation' not  provided)
[14:26:14.663] validateDefaultNpmLocation: false
[14:26:14.663] Npm config file: /home/david/.cache/typescript/4.7/package.json
[14:26:14.663] Updating types-registry npm package...
[14:26:14.664] Exec: /nix/store/i9x1ajwr756r2z9jnb2nhip50a3xms51-nodejs-16.15.0/bin/npm install --ignore-scripts types-registry@latest
[14:26:15.577]     Succeeded. stdout:
    
    changed 1 package, and audited 2 packages in 701ms

found 0 vulnerabilities

[14:26:15.577] Updated types-registry npm package
[14:26:15.600] Got install request {"projectName":"/dev/null/inferredProject1*","fileNames":["/home/david/.emacs.d/.local/etc/lsp/npm/typescript/lib/node_modules/typescript/lib/lib.es5.d.ts","/home/david/.emacs.d/.local/etc/lsp/npm/typescript/lib/node_modules/typescript/lib/lib.es2015.d.ts","/home/david/.emacs.d/.local/etc/lsp/npm/typescript/lib/node_modules/typescript/lib/lib.es2016.d.ts","/home/david/.emacs.d/.local/etc/lsp/npm/typescript/lib/node_modules/typescript/lib/lib.dom.d.ts","/home/david/.emacs.d/.local/etc/lsp/npm/typescript/lib/node_modules/typescript/lib/lib.dom.iterable.d.ts","/home/david/.emacs.d/.local/etc/lsp/npm/typescript/lib/node_modules/typescript/lib/lib.webworker.importscripts.d.ts","/home/david/.emacs.d/.local/etc/lsp/npm/typescript/lib/node_modules/typescript/lib/lib.scripthost.d.ts","/home/david/.emacs.d/.local/etc/lsp/npm/typescript/lib/node_modules/typescript/lib/lib.es2015.core.d.ts","/home/david/.emacs.d/.local/etc/lsp/npm/typescript/lib/node_modules/typescript/lib/lib.es2015.collection.d.ts","/home/david/.emacs.d/.local/etc/lsp/npm/typescript/lib/node_modules/typescript/lib/lib.es2015.generator.d.ts","/home/david/.emacs.d/.local/etc/lsp/npm/typescript/lib/node_modules/typescript/lib/lib.es2015.iterable.d.ts","/home/david/.emacs.d/.local/etc/lsp/npm/typescript/lib/node_modules/typescript/lib/lib.es2015.promise.d.ts","/home/david/.emacs.d/.local/etc/lsp/npm/typescript/lib/node_modules/typescript/lib/lib.es2015.proxy.d.ts","/home/david/.emacs.d/.local/etc/lsp/npm/typescript/lib/node_modules/typescript/lib/lib.es2015.reflect.d.ts","/home/david/.emacs.d/.local/etc/lsp/npm/typescript/lib/node_modules/typescript/lib/lib.es2015.symbol.d.ts","/home/david/.emacs.d/.local/etc/lsp/npm/typescript/lib/node_modules/typescript/lib/lib.es2015.symbol.wellknown.d.ts","/home/david/.emacs.d/.local/etc/lsp/npm/typescript/lib/node_modules/typescript/lib/lib.es2016.array.include.d.ts","/home/david/.emacs.d/.local/etc/lsp/npm/typescript/lib/node_modules/typescript/lib/lib.es2016.full.d.ts","/home/david/Documents/skill-tree/theme/theme.js"],"compilerOptions":{"module":1,"target":3,"jsx":1,"allowJs":true,"allowSyntheticDefaultImports":true,"allowNonTsExtensions":true,"noEmitForJsFiles":true,"maxNodeModuleJsDepth":2},"typeAcquisition":{"enable":true,"include":[],"exclude":[]},"unresolvedImports":[],"projectRootPath":"/home/david/Documents/skill-tree/theme","kind":"discover"}
[14:26:15.616] Loaded safelist from types map file '/home/david/.emacs.d/.local/etc/lsp/npm/typescript/lib/node_modules/typescript/lib/typesMap.json'
[14:26:15.617] Explicitly included types: []
[14:26:15.617] Inferred typings from unresolved imports: []
[14:26:15.617] Result: {"cachedTypingPaths":[],"newTypingNames":[],"filesToWatch":["/home/david/Documents/skill-tree/theme/bower_components","/home/david/Documents/skill-tree/theme/node_modules"]}
[14:26:15.617] Finished typings discovery: {"cachedTypingPaths":[],"newTypingNames":[],"filesToWatch":["/home/david/Documents/skill-tree/theme/bower_components","/home/david/Documents/skill-tree/theme/node_modules"]}
[14:26:15.618] DirectoryWatcher:: Added:: WatchInfo: /home/david/Documents/skill-tree/theme/bower_components
[14:26:15.618] DirectoryWatcher:: Added:: WatchInfo: /home/david/Documents/skill-tree/theme/bower_components 1 undefined Project: /dev/null/inferredProject1* watcher already invoked: false
[14:26:15.619] Elapsed:: 1.0419300012290478ms DirectoryWatcher:: Added:: WatchInfo: /home/david/Documents/skill-tree/theme/bower_components 1 undefined Project: /dev/null/inferredProject1* watcher already invoked: false
[14:26:15.619] DirectoryWatcher:: Added:: WatchInfo: /home/david/Documents/skill-tree/theme/node_modules
[14:26:15.619] DirectoryWatcher:: Added:: WatchInfo: /home/david/Documents/skill-tree/theme/node_modules 1 undefined Project: /dev/null/inferredProject1* watcher already invoked: false
[14:26:15.619] Elapsed:: 0.11004900187253952ms DirectoryWatcher:: Added:: WatchInfo: /home/david/Documents/skill-tree/theme/node_modules 1 undefined Project: /dev/null/inferredProject1* watcher already invoked: false
[14:26:15.619] Sending response:
    {"projectName":"/dev/null/inferredProject1*","typeAcquisition":{"enable":true,"include":[],"exclude":[]},"compilerOptions":{"module":1,"target":3,"jsx":1,"allowJs":true,"allowSyntheticDefaultImports":true,"allowNonTsExtensions":true,"noEmitForJsFiles":true,"maxNodeModuleJsDepth":2},"typings":[],"unresolvedImports":[],"kind":"action::set"}
[14:26:15.620] Response has been sent.
[14:26:15.620] No new typings were requested as a result of typings discovery
